<?xml version="1.0" encoding="UTF-8"?>
<!-- Generated by org.testng.reporters.JUnitReportReporter -->
<testsuite name="main.java.com.cleartrip.platform.whatsapp.WhatsappwebhookMessage" tests="1" time="0.190" ignored="0" failures="0" timestamp="10 Jul 2018 12:15:08 GMT" skipped="0" hostname="sysadm-PC" errors="0">
  <testcase name="whatsappwebhook" time="0.190" classname="main.java.com.cleartrip.platform.whatsapp.WhatsappwebhookMessage"/>
</testsuite> <!-- main.java.com.cleartrip.platform.whatsapp.WhatsappwebhookMessage -->
