<?xml version="1.0" encoding="UTF-8"?>
<!-- Generated by org.testng.reporters.JUnitReportReporter -->
<testsuite name="cart.AuthTokenVerifyer" tests="1" time="1.610" ignored="0" failures="0" timestamp="29 Oct 2019 12:58:26 GMT" skipped="0" hostname="ATSs-MacBook-Pro-2.local" errors="0">
  <testcase name="tokenValidation" time="1.610" classname="cart.AuthTokenVerifyer"/>
</testsuite> <!-- cart.AuthTokenVerifyer -->
