<?xml version="1.0" encoding="UTF-8"?>
<!-- Generated by org.testng.reporters.JUnitReportReporter -->
<testsuite name="com.perpule.api.validateOTP.api_validateOTP" tests="1" time="2.356" ignored="0" failures="0" timestamp="24 Oct 2019 12:46:11 GMT" skipped="0" hostname="ATSs-MacBook-Pro-2.local" errors="0">
  <testcase name="startValidateOTP" time="2.356" classname="com.perpule.api.validateOTP.api_validateOTP"/>
</testsuite> <!-- com.perpule.api.validateOTP.api_validateOTP -->
