<?xml version="1.0" encoding="UTF-8"?>
<!-- Generated by org.testng.reporters.JUnitReportReporter -->
<testsuite name="dpos.cart.Additem" tests="1" time="1.647" ignored="0" failures="0" timestamp="31 Oct 2019 10:37:21 GMT" skipped="0" hostname="ATSs-MacBook-Pro-2.local" errors="0">
  <testcase name="addItem" time="1.647" classname="dpos.cart.Additem"/>
</testsuite> <!-- dpos.cart.Additem -->
