<?xml version="1.0" encoding="UTF-8"?>
<!-- Generated by org.testng.reporters.JUnitReportReporter -->
<testsuite name="dpos.user.Login" tests="1" time="7.411" ignored="0" failures="0" timestamp="31 Oct 2019 11:55:14 GMT" skipped="0" hostname="ATSs-MacBook-Pro-2.local" errors="0">
  <testcase name="loginDops" time="7.411" classname="dpos.user.Login"/>
</testsuite> <!-- dpos.user.Login -->
