<?xml version="1.0" encoding="UTF-8"?>
<!-- Generated by org.testng.reporters.JUnitReportReporter -->
<testsuite name="cart.VoidLine" tests="1" time="1.659" ignored="0" failures="0" timestamp="28 Oct 2019 17:21:18 GMT" skipped="0" hostname="ATSs-MacBook-Pro-2.local" errors="0">
  <testcase name="voidLine" time="1.659" classname="cart.VoidLine"/>
</testsuite> <!-- cart.VoidLine -->
