<?xml version="1.0" encoding="UTF-8"?>
<!-- Generated by org.testng.reporters.JUnitReportReporter -->
<testsuite name="dpos.cart.Checkout" tests="1" time="1.631" ignored="0" failures="0" timestamp="30 Oct 2019 19:21:32 GMT" skipped="0" hostname="ATSs-MacBook-Pro-2.local" errors="0">
  <testcase name="createOrder" time="1.631" classname="dpos.cart.Checkout"/>
</testsuite> <!-- dpos.cart.Checkout -->
