<?xml version="1.0" encoding="UTF-8"?>
<!-- Generated by org.testng.reporters.JUnitReportReporter -->
<testsuite name="cart.addItem.CartAdditem" tests="1" time="1.679" ignored="0" failures="0" timestamp="28 Oct 2019 10:22:01 GMT" skipped="0" hostname="ATSs-MacBook-Pro-2.local" errors="0">
  <testcase name="addItem" time="1.679" classname="cart.addItem.CartAdditem"/>
</testsuite> <!-- cart.addItem.CartAdditem -->
