<?xml version="1.0" encoding="UTF-8"?>
<!-- Generated by org.testng.reporters.JUnitReportReporter -->
<testsuite name="com.perpule.api.staffDetailsUpdate.UltraPos_StaffDeatilsUpdate" tests="1" time="1.958" ignored="0" failures="0" timestamp="24 Oct 2019 12:46:26 GMT" skipped="0" hostname="ATSs-MacBook-Pro-2.local" errors="0">
  <testcase name="staffUpdate" time="1.958" classname="com.perpule.api.staffDetailsUpdate.UltraPos_StaffDeatilsUpdate"/>
</testsuite> <!-- com.perpule.api.staffDetailsUpdate.UltraPos_StaffDeatilsUpdate -->
