<?xml version="1.0" encoding="UTF-8"?>
<!-- Generated by org.testng.reporters.JUnitReportReporter -->
<testsuite name="dpos.cart.CreateCart" tests="1" time="1.631" ignored="0" failures="0" timestamp="31 Oct 2019 10:37:04 GMT" skipped="0" hostname="ATSs-MacBook-Pro-2.local" errors="0">
  <testcase name="cartCreate" time="1.631" classname="dpos.cart.CreateCart"/>
</testsuite> <!-- dpos.cart.CreateCart -->
