<?xml version="1.0" encoding="UTF-8"?>
<!-- Generated by org.testng.reporters.JUnitReportReporter -->
<testsuite name="dpos.completeOrder.CashPayment" tests="1" time="3.168" ignored="0" failures="0" timestamp="31 Oct 2019 10:41:54 GMT" skipped="0" hostname="ATSs-MacBook-Pro-2.local" errors="0">
  <testcase name="paymentCash" time="3.168" classname="dpos.completeOrder.CashPayment"/>
</testsuite> <!-- dpos.completeOrder.CashPayment -->
