<?xml version="1.0" encoding="UTF-8"?>
<!-- Generated by org.testng.reporters.JUnitReportReporter -->
<testsuite name="com.perpule.api.completePayment.StartCompletePayment" tests="1" time="1.938" ignored="0" failures="0" timestamp="07 Oct 2019 10:29:26 GMT" skipped="0" hostname="ATSs-MacBook-Pro-2.local" errors="0">
  <testcase name="verifyAppUpdate" time="1.938" classname="com.perpule.api.completePayment.StartCompletePayment"/>
</testsuite> <!-- com.perpule.api.completePayment.StartCompletePayment -->
