<?xml version="1.0" encoding="UTF-8"?>
<!-- Generated by org.testng.reporters.JUnitReportReporter -->
<testsuite name="com.perpule.api.loginCheck.StartLoginCheck" tests="1" time="5.257" ignored="0" failures="0" timestamp="10 Oct 2019 10:19:12 GMT" skipped="0" hostname="ATSs-MacBook-Pro-2.local" errors="0">
  <testcase name="verifyLogin" time="5.257" classname="com.perpule.api.loginCheck.StartLoginCheck"/>
</testsuite> <!-- com.perpule.api.loginCheck.StartLoginCheck -->
