<?xml version="1.0" encoding="UTF-8"?>
<!-- Generated by org.testng.reporters.JUnitReportReporter -->
<testsuite name="cart.HoldCart" tests="1" time="1.559" ignored="0" failures="0" timestamp="29 Oct 2019 13:14:47 GMT" skipped="0" hostname="ATSs-MacBook-Pro-2.local" errors="0">
  <testcase name="holdCart" time="1.559" classname="cart.HoldCart"/>
</testsuite> <!-- cart.HoldCart -->
