<?xml version="1.0" encoding="UTF-8"?>
<!-- Generated by org.testng.reporters.JUnitReportReporter -->
<testsuite name="cart.Additem" tests="1" time="1.666" ignored="0" failures="0" timestamp="30 Oct 2019 12:05:11 GMT" skipped="0" hostname="ATSs-MacBook-Pro-2.local" errors="0">
  <testcase name="addItem" time="1.666" classname="cart.Additem"/>
</testsuite> <!-- cart.Additem -->
