<?xml version="1.0" encoding="UTF-8"?>
<!-- Generated by org.testng.reporters.JUnitReportReporter -->
<testsuite name="com.perpule.api.loginCheck.UltraPos_LoginCheck" tests="1" time="10.804" ignored="0" failures="0" timestamp="22 Oct 2019 12:18:42 GMT" skipped="0" hostname="ATSs-MacBook-Pro-2.local" errors="0">
  <testcase name="verifyLogin" time="10.804" classname="com.perpule.api.loginCheck.UltraPos_LoginCheck"/>
</testsuite> <!-- com.perpule.api.loginCheck.UltraPos_LoginCheck -->
