<?xml version="1.0" encoding="UTF-8"?>
<!-- Generated by org.testng.reporters.JUnitReportReporter -->
<testsuite name="dpos.cart.AuthTokenVerifyer" tests="1" time="1.605" ignored="0" failures="0" timestamp="30 Oct 2019 16:45:46 GMT" skipped="0" hostname="ATSs-MacBook-Pro-2.local" errors="0">
  <testcase name="tokenValidation" time="1.605" classname="dpos.cart.AuthTokenVerifyer"/>
</testsuite> <!-- dpos.cart.AuthTokenVerifyer -->
