<?xml version="1.0" encoding="UTF-8"?>
<!-- Generated by org.testng.reporters.JUnitReportReporter -->
<testsuite name="com.perpule.api.sendOTP.api_sendOTP" tests="1" time="3.322" ignored="0" failures="0" timestamp="22 Oct 2019 15:24:50 GMT" skipped="0" hostname="ATSs-MacBook-Pro-2.local" errors="0">
  <testcase name="startGetOTP" time="3.322" classname="com.perpule.api.sendOTP.api_sendOTP"/>
</testsuite> <!-- com.perpule.api.sendOTP.api_sendOTP -->
