<?xml version="1.0" encoding="UTF-8"?>
<!-- Generated by org.testng.reporters.JUnitReportReporter -->
<testsuite name="com.perpule.api.createStaff.UltraPos_CreateStaff" tests="1" time="2.075" ignored="0" failures="0" timestamp="24 Oct 2019 12:46:21 GMT" skipped="0" hostname="ATSs-MacBook-Pro-2.local" errors="0">
  <testcase name="staffCreation" time="2.075" classname="com.perpule.api.createStaff.UltraPos_CreateStaff"/>
</testsuite> <!-- com.perpule.api.createStaff.UltraPos_CreateStaff -->
