<?xml version="1.0" encoding="UTF-8"?>
<!-- Generated by org.testng.reporters.JUnitReportReporter -->
<testsuite name="com.perpule.api.sendOTP.api_sendOTP" tests="1" time="6.287" ignored="0" failures="0" timestamp="24 Oct 2019 12:46:01 GMT" skipped="0" hostname="ATSs-MacBook-Pro-2.local" errors="0">
  <testcase name="startGetOTP" time="6.287" classname="com.perpule.api.sendOTP.api_sendOTP"/>
</testsuite> <!-- com.perpule.api.sendOTP.api_sendOTP -->
