<?xml version="1.0" encoding="UTF-8"?>
<!-- Generated by org.testng.reporters.JUnitReportReporter -->
<testsuite name="com.perpule.api.customerdetails.Start" tests="1" time="3.789" ignored="2" failures="0" timestamp="04 Oct 2019 08:17:11 GMT" skipped="0" hostname="ATSs-MacBook-Pro-2.local" errors="0">
  <testcase name="verifyLogin" time="3.789" classname="com.perpule.api.customerdetails.Start"/>
  <testcase name="debugTest" classname="com.perpule.api.customerdetails.Start">
    <skipped/>
  </testcase> <!-- debugTest -->
  <testcase name="verifyShopConfig" classname="com.perpule.api.customerdetails.Start">
    <skipped/>
  </testcase> <!-- verifyShopConfig -->
</testsuite> <!-- com.perpule.api.customerdetails.Start -->
