<?xml version="1.0" encoding="UTF-8"?>
<!-- Generated by org.testng.reporters.JUnitReportReporter -->
<testsuite name="dpos.payment.CashPayment" tests="1" time="2.173" ignored="0" failures="0" timestamp="31 Oct 2019 14:04:45 GMT" skipped="0" hostname="ATSs-MacBook-Pro-2.local" errors="0">
  <testcase name="paymentCash" time="2.173" classname="dpos.payment.CashPayment"/>
</testsuite> <!-- dpos.payment.CashPayment -->
