<?xml version="1.0" encoding="UTF-8"?>
<!-- Generated by org.testng.reporters.JUnitReportReporter -->
<testsuite name="com.perpule.api.customerdetails.StartCustomerDetails" tests="1" time="1.585" ignored="0" failures="0" timestamp="15 Oct 2019 08:22:18 GMT" skipped="0" hostname="ATSs-MacBook-Pro-2.local" errors="0">
  <testcase name="debugTest" time="1.585" classname="com.perpule.api.customerdetails.StartCustomerDetails"/>
</testsuite> <!-- com.perpule.api.customerdetails.StartCustomerDetails -->
