<?xml version="1.0" encoding="UTF-8"?>
<!-- Generated by org.testng.reporters.JUnitReportReporter -->
<testsuite name="com.perpule.api.customerdetails.CustomerDetails" tests="1" time="1.884" ignored="0" failures="0" timestamp="22 Oct 2019 14:50:50 GMT" skipped="0" hostname="ATSs-MacBook-Pro-2.local" errors="0">
  <testcase name="getData" time="1.884" classname="com.perpule.api.customerdetails.CustomerDetails"/>
</testsuite> <!-- com.perpule.api.customerdetails.CustomerDetails -->
