<?xml version="1.0" encoding="UTF-8"?>
<!-- Generated by org.testng.reporters.JUnitReportReporter -->
<testsuite name="com.perpule.api.appUpdate.startAppUpdate" tests="1" time="1.511" ignored="0" failures="0" timestamp="07 Oct 2019 10:29:45 GMT" skipped="0" hostname="ATSs-MacBook-Pro-2.local" errors="0">
  <testcase name="verifyAppUpdate" time="1.511" classname="com.perpule.api.appUpdate.startAppUpdate"/>
</testsuite> <!-- com.perpule.api.appUpdate.startAppUpdate -->
