<?xml version="1.0" encoding="UTF-8"?>
<!-- Generated by org.testng.reporters.JUnitReportReporter -->
<testsuite name="cart.ClearCart" tests="1" time="1.628" ignored="0" failures="0" timestamp="28 Oct 2019 17:10:21 GMT" skipped="0" hostname="ATSs-MacBook-Pro-2.local" errors="0">
  <testcase name="clear" time="1.628" classname="cart.ClearCart"/>
</testsuite> <!-- cart.ClearCart -->
