<?xml version="1.0" encoding="UTF-8"?>
<!-- Generated by org.testng.reporters.JUnitReportReporter -->
<testsuite name="com.perpule.api.staffDetails.UltraPos_StaffDeatils" tests="1" time="0.704" ignored="0" failures="0" timestamp="24 Oct 2019 12:46:16 GMT" skipped="0" hostname="ATSs-MacBook-Pro-2.local" errors="0">
  <testcase name="staffDetails" time="0.704" classname="com.perpule.api.staffDetails.UltraPos_StaffDeatils"/>
</testsuite> <!-- com.perpule.api.staffDetails.UltraPos_StaffDeatils -->
