<?xml version="1.0" encoding="UTF-8"?>
<!-- Generated by org.testng.reporters.JUnitReportReporter -->
<testsuite name="dpos.user.Sanity_ProductBar" tests="1" time="20.707" ignored="0" failures="0" timestamp="04 Nov 2019 17:42:52 GMT" skipped="0" hostname="ATSs-MacBook-Pro-2.local" errors="0">
  <testcase name="sanity" time="20.707" classname="dpos.user.Sanity_ProductBar"/>
</testsuite> <!-- dpos.user.Sanity_ProductBar -->
