<?xml version="1.0" encoding="UTF-8"?>
<!-- Generated by org.testng.reporters.JUnitReportReporter -->
<testsuite name="cart.Additem" tests="1" time="2.117" ignored="0" failures="0" timestamp="29 Oct 2019 15:16:49 GMT" skipped="0" hostname="ATSs-MacBook-Pro-2.local" errors="0">
  <testcase name="addItem" time="2.117" classname="cart.Additem"/>
</testsuite> <!-- cart.Additem -->
