<?xml version="1.0" encoding="UTF-8"?>
<!-- Generated by org.testng.reporters.JUnitReportReporter -->
<testsuite name="appUpdate.startAppUpdate" tests="1" time="1.633" ignored="0" failures="0" timestamp="07 Oct 2019 09:03:53 GMT" skipped="0" hostname="ATSs-MacBook-Pro-2.local" errors="0">
  <testcase name="verifyAppUpdate" time="1.633" classname="appUpdate.startAppUpdate"/>
</testsuite> <!-- appUpdate.startAppUpdate -->
