<?xml version="1.0" encoding="UTF-8"?>
<!-- Generated by org.testng.reporters.JUnitReportReporter -->
<testsuite name="dpos.completeOrder.Checkout" tests="1" time="1.683" ignored="0" failures="0" timestamp="31 Oct 2019 10:37:38 GMT" skipped="0" hostname="ATSs-MacBook-Pro-2.local" errors="0">
  <testcase name="createOrder" time="1.683" classname="dpos.completeOrder.Checkout"/>
</testsuite> <!-- dpos.completeOrder.Checkout -->
