<?xml version="1.0" encoding="UTF-8"?>
<!-- Generated by org.testng.reporters.JUnitReportReporter -->
<testsuite name="com.perpule.api.shopConfigCheck.StartShopConfigCheck" tests="1" time="1.908" ignored="0" failures="0" timestamp="15 Oct 2019 12:29:33 GMT" skipped="0" hostname="ATSs-MacBook-Pro-2.local" errors="0">
  <testcase name="verifyShopConfig" time="1.908" classname="com.perpule.api.shopConfigCheck.StartShopConfigCheck"/>
</testsuite> <!-- com.perpule.api.shopConfigCheck.StartShopConfigCheck -->
