<?xml version="1.0" encoding="UTF-8"?>
<!-- Generated by org.testng.reporters.JUnitReportReporter -->
<testsuite name="com.perpule.api.validateOTP.api_validateOTP" tests="1" time="3.632" ignored="0" failures="0" timestamp="22 Oct 2019 16:18:05 GMT" skipped="0" hostname="ATSs-MacBook-Pro-2.local" errors="0">
  <testcase name="startValidateOTP" time="3.632" classname="com.perpule.api.validateOTP.api_validateOTP"/>
</testsuite> <!-- com.perpule.api.validateOTP.api_validateOTP -->
