<?xml version="1.0" encoding="UTF-8"?>
<!-- Generated by org.testng.reporters.JUnitReportReporter -->
<testsuite name="cart.ChangeQuantity" tests="1" time="1.611" ignored="0" failures="0" timestamp="28 Oct 2019 17:40:25 GMT" skipped="0" hostname="ATSs-MacBook-Pro-2.local" errors="0">
  <testcase name="addItem" time="1.611" classname="cart.ChangeQuantity"/>
</testsuite> <!-- cart.ChangeQuantity -->
