<?xml version="1.0" encoding="UTF-8"?>
<!-- Generated by org.testng.reporters.JUnitReportReporter -->
<testsuite name="com.perpule.api.loginCheck.UltraPos_LoginCheck" tests="1" time="6.956" ignored="0" failures="0" timestamp="25 Oct 2019 16:43:16 GMT" skipped="0" hostname="ATSs-MacBook-Pro-2.local" errors="0">
  <testcase name="verifyLogin" time="6.956" classname="com.perpule.api.loginCheck.UltraPos_LoginCheck"/>
</testsuite> <!-- com.perpule.api.loginCheck.UltraPos_LoginCheck -->
