<?xml version="1.0" encoding="UTF-8"?>
<!-- Generated by org.testng.reporters.JUnitReportReporter -->
<testsuite name="dpos.payment.Checkout" tests="1" time="2.291" ignored="0" failures="0" timestamp="31 Oct 2019 14:04:34 GMT" skipped="0" hostname="ATSs-MacBook-Pro-2.local" errors="0">
  <testcase name="createOrder" time="2.291" classname="dpos.payment.Checkout"/>
</testsuite> <!-- dpos.payment.Checkout -->
